{
"contracts/mycontract.sol":{"l":{"8":6,"12":1,"16":2},"path":"/Users/bird/Desktop/bird-2022/solidity/first-hardhat/contracts/mycontract.sol","s":{"1":6,"2":1,"3":2},"b":{},"f":{"1":6,"2":1,"3":2},"fnMap":{"1":{"name":"constructor","line":7,"loc":{"start":{"line":7,"column":4},"end":{"line":9,"column":4}}},"2":{"name":"changeName","line":11,"loc":{"start":{"line":11,"column":4},"end":{"line":13,"column":4}}},"3":{"name":"getName","line":15,"loc":{"start":{"line":15,"column":4},"end":{"line":17,"column":4}}}},"statementMap":{"1":{"start":{"line":8,"column":8},"end":{"line":8,"column":19}},"2":{"start":{"line":12,"column":8},"end":{"line":12,"column":19}},"3":{"start":{"line":16,"column":8},"end":{"line":16,"column":20}}},"branchMap":{}},
"contracts/setPrice.sol":{"l":{"8":11,"9":11,"13":2,"17":1,"18":1},"path":"/Users/bird/Desktop/bird-2022/solidity/first-hardhat/contracts/setPrice.sol","s":{"1":11,"2":11,"3":2,"4":1,"5":1},"b":{"1":[11,0],"2":[1,0]},"f":{"1":11,"2":2,"3":1},"fnMap":{"1":{"name":"setPriceWithPublic","line":7,"loc":{"start":{"line":7,"column":4},"end":{"line":10,"column":4}}},"2":{"name":"getprice","line":12,"loc":{"start":{"line":12,"column":4},"end":{"line":14,"column":4}}},"3":{"name":"setPriceWithExternal","line":16,"loc":{"start":{"line":16,"column":4},"end":{"line":19,"column":4}}}},"statementMap":{"1":{"start":{"line":8,"column":8},"end":{"line":8,"column":67}},"2":{"start":{"line":9,"column":8},"end":{"line":9,"column":21}},"3":{"start":{"line":13,"column":8},"end":{"line":13,"column":20}},"4":{"start":{"line":17,"column":8},"end":{"line":17,"column":67}},"5":{"start":{"line":18,"column":8},"end":{"line":18,"column":21}}},"branchMap":{"1":{"line":8,"type":"if","locations":[{"start":{"line":8,"column":8},"end":{"line":8,"column":8}},{"start":{"line":8,"column":8},"end":{"line":8,"column":8}}]},"2":{"line":17,"type":"if","locations":[{"start":{"line":17,"column":8},"end":{"line":17,"column":8}},{"start":{"line":17,"column":8},"end":{"line":17,"column":8}}]}}}}
