TN:
SF:/Users/bird/Desktop/bird-2022/solidity/first-hardhat/contracts/mycontract.sol
FN:7,constructor
FN:11,changeName
FN:15,getName
FNF:3
FNH:3
FNDA:6,constructor
FNDA:1,changeName
FNDA:2,getName
DA:8,6
DA:12,1
DA:16,2
LF:3
LH:3
BRF:0
BRH:0
end_of_record
TN:
SF:/Users/bird/Desktop/bird-2022/solidity/first-hardhat/contracts/setPrice.sol
FN:7,setPriceWithPublic
FN:12,getprice
FN:16,setPriceWithExternal
FNF:3
FNH:3
FNDA:11,setPriceWithPublic
FNDA:2,getprice
FNDA:1,setPriceWithExternal
DA:8,11
DA:9,11
DA:13,2
DA:17,1
DA:18,1
LF:5
LH:5
BRDA:8,1,0,11
BRDA:8,1,1,0
BRDA:17,2,0,1
BRDA:17,2,1,0
BRF:4
BRH:2
end_of_record
